load_qoi.adb:164:46: warning: redundant conversion, expression is of type "Storage_Count" [-gnatwr]
load_qoi.adb:212:14: warning: procedure "Convert_To_Black_And_White" is not referenced [-gnatwu]
load_qoi.adb:218:46: warning: redundant conversion, expression is of type "Storage_Count" [-gnatwr]
load_qoi.adb:261:14: warning: procedure "Blur_Image" is not referenced [-gnatwu]
load_qoi.adb:364:07: warning: "Gx" is not modified, could be declared constant [-gnatwk]
load_qoi.adb:365:09: warning: array aggregate using () is an obsolescent syntax, use [] instead [-gnatwj]
load_qoi.adb:365:10: warning: array aggregate using () is an obsolescent syntax, use [] instead [-gnatwj]
load_qoi.adb:365:22: warning: array aggregate using () is an obsolescent syntax, use [] instead [-gnatwj]
load_qoi.adb:365:34: warning: array aggregate using () is an obsolescent syntax, use [] instead [-gnatwj]
load_qoi.adb:366:07: warning: "Gy" is not modified, could be declared constant [-gnatwk]
load_qoi.adb:367:09: warning: array aggregate using () is an obsolescent syntax, use [] instead [-gnatwj]
load_qoi.adb:367:10: warning: array aggregate using () is an obsolescent syntax, use [] instead [-gnatwj]
load_qoi.adb:367:24: warning: array aggregate using () is an obsolescent syntax, use [] instead [-gnatwj]
load_qoi.adb:367:35: warning: array aggregate using () is an obsolescent syntax, use [] instead [-gnatwj]
load_qoi.adb:453:09: warning: type "Accumulator_Cell" is not referenced [-gnatwu]
load_qoi.adb:560:14: warning: procedure "Hough_Transform" is not referenced [-gnatwu]
load_qoi.adb:580:07: warning: constant "Min_Line_Length" is not referenced [-gnatwu]
load_qoi.adb:581:07: warning: constant "Max_Line_Gap" is not referenced [-gnatwu]
load_qoi.adb:582:07: warning: constant "Angle_Threshold" is not referenced [-gnatwu]
load_qoi.adb:751:20: warning: redundant conversion, expression is of type "Float" [-gnatwr]
load_qoi.adb:818:14: warning: procedure "Canny_Edge_Detection" is not referenced [-gnatwu]
load_qoi.adb:828:07: warning: variable "Gradient_Direction" is read but never assigned [-gnatwv]
load_qoi.adb:915:66: warning: condition can only be False if invalid values present [-gnatwc]
load_qoi.adb:915:66: warning: condition is always True [-gnatwc]
load_qoi.adb:917:69: warning: condition can only be False if invalid values present [-gnatwc]
load_qoi.adb:917:69: warning: condition is always True [-gnatwc]
load_qoi.adb:960:14: warning: procedure "Hough_Circle_Transform" is not referenced [-gnatwu]
load_qoi.adb:982:22: warning: array aggregate using () is an obsolescent syntax, use [] instead [-gnatwj]
load_qoi.adb:982:33: warning: array aggregate using () is an obsolescent syntax, use [] instead [-gnatwj]
load_qoi.adb:984:07: warning: "Circles" is not modified, could be declared constant [-gnatwk]
load_qoi.adb:1092:22: warning: function "Safe_Convert" is not referenced [-gnatwu]
load_qoi.adb:1153:20: warning: procedure "Free" is not referenced [-gnatwu]
load_qoi.adb:1169:14: warning: procedure "Region_Of_Interest" is not referenced [-gnatwu]
